/Users/demyashev/Projects/machine.learning/venv/bin/python /Users/demyashev/Projects/test3/main.py
[nltk_data] Downloading package punkt to /Users/demyashev/nltk_data...
[nltk_data]   Package punkt is already up-to-date!
[nltk_data] Downloading package stopwords to
[nltk_data]     /Users/demyashev/nltk_data...
[nltk_data]   Package stopwords is already up-to-date!

Наивный Байес
Accuracy: [0.97983294 0.96901352 0.95111182]
Mean accuracy: 0.9666527593717619

Отравление Байеса
First label: 0
Edit distance: 82
Predicted label: 0
New label: 0

Замена extract_email_text на load
Accuracy: [0.97820207 0.97295147 0.95497036]
Mean accuracy: 0.9687079683156293
Predicted label: 0
New label: 0

Биграммы
Accuracy: [0.98838504 0.98174224 0.97497912]
Mean accuracy: 0.9817021344353768
Predicted label: 0
New label: 0

TF/IDF
Accuracy: [0.97143994 0.97171838 0.9761327 ]
Mean accuracy: 0.9730970052068706
Predicted label: 0
New label: 0

Случайный лес
/Users/demyashev/Projects/machine.learning/venv/lib/python3.7/site-packages/sklearn/ensemble/forest.py:246: FutureWarning: The default value of n_estimators will change from 10 in version 0.20 to 100 in 0.22.
  "10 in version 0.20 to 100 in 0.22.", FutureWarning)

Accuracy: [0.98281623 0.98257757 0.97748518]
Mean accuracy: 0.9809596590451125
Predicted label: 0
New label: 0

Process finished with exit code 0